функция diiir: name='Акт приема передачи',expansion='docx',parent_directory='D:\\users\\pmv\\Desktop\\башня\\акты\\передача фронта работ'
функция diiir: name='на печать pdf',expansion='docx',parent_directory='D:\\users\\pmv\\Desktop\\башня\\акты\\передача фронта работ'
функция diiir: name='подписанные скан',expansion='docx',parent_directory='D:\\users\\pmv\\Desktop\\башня\\акты\\передача фронта работ'
функция diiir: name='12 этаж',expansion='docx',parent_directory='D:\\users\\pmv\\Desktop\\башня\\акты\\передача фронта работ\\СМАРТ'
функция diiir: name='8 этаж',expansion='docx',parent_directory='D:\\users\\pmv\\Desktop\\башня\\акты\\передача фронта работ\\СМАРТ'
функция diiir: name='9 этаж',expansion='docx',parent_directory='D:\\users\\pmv\\Desktop\\башня\\акты\\передача фронта работ\\СМАРТ'
функция diiir: name='Акт приема передачи 3.12.1',expansion='pdf',parent_directory='D:\\users\\pmv\\Desktop\\башня\\акты\\передача фронта работ\\СМАРТ\\на печать pdf'
функция diiir: name='Акт приема передачи',expansion='docx',parent_directory='D:\\users\\pmv\\Desktop\\башня\\акты\\передача фронта работ\\СМАРТ\\на печать pdf'
функция diiir: name='Акт приема передачи 3.8.1',expansion='docx',parent_directory='D:\\users\\pmv\\Desktop\\башня\\акты\\передача фронта работ\\СМАРТ\\на печать pdf'
функция diiir: name='Акт приема передачи 3.8.1',expansion='pdf',parent_directory='D:\\users\\pmv\\Desktop\\башня\\акты\\передача фронта работ\\СМАРТ\\на печать pdf'
функция diiir: name='Акт приема передачи 3.9.1 переподписали 26.06',expansion='docx',parent_directory='D:\\users\\pmv\\Desktop\\башня\\акты\\передача фронта работ\\СМАРТ\\на печать pdf'
функция diiir: name='Акт приема передачи 3.9.1',expansion='docx',parent_directory='D:\\users\\pmv\\Desktop\\башня\\акты\\передача фронта работ\\СМАРТ\\на печать pdf'
функция diiir: name='Акт приема передачи 3.9.2',expansion='pdf',parent_directory='D:\\users\\pmv\\Desktop\\башня\\акты\\передача фронта работ\\СМАРТ\\на печать pdf'
функция diiir: name='12 этаж',expansion='pdf',parent_directory='D:\\users\\pmv\\Desktop\\башня\\акты\\передача фронта работ\\СМАРТ'
функция diiir: name='8 этаж',expansion='pdf',parent_directory='D:\\users\\pmv\\Desktop\\башня\\акты\\передача фронта работ\\СМАРТ'
функция diiir: name='9 этаж',expansion='pdf',parent_directory='D:\\users\\pmv\\Desktop\\башня\\акты\\передача фронта работ\\СМАРТ'
функция diiir: name='3.12.1 от 10.06.24',expansion='pdf',parent_directory='D:\\users\\pmv\\Desktop\\башня\\акты\\передача фронта работ\\СМАРТ\\подписанные скан'
функция diiir: name='3.8.1 от 26.06.2024',expansion='pdf',parent_directory='D:\\users\\pmv\\Desktop\\башня\\акты\\передача фронта работ\\СМАРТ\\подписанные скан'
функция diiir: name='3.9.1 от 20.06.2024',expansion='pdf',parent_directory='D:\\users\\pmv\\Desktop\\башня\\акты\\передача фронта работ\\СМАРТ\\подписанные скан'
функция diiir: name='3.9.2 от 26.06.2024',expansion='pdf',parent_directory='D:\\users\\pmv\\Desktop\\башня\\акты\\передача фронта работ\\СМАРТ\\подписанные скан'
